<?xml version="1.0" encoding="UTF-8"?>
<testng-results ignored="0" total="1" passed="1" failed="0" skipped="0">
  <reporter-output>
    <line>
      <![CDATA[
[0;7m------------------------------------------------------------------------------------------------------------------------------------------------
                                                    Powered by [1mSHAFT v.8.3.20240803[22m                                                    
------------------------------------------------------------------------------------------------------------------------------------------------
[0m]]>
    </line>
    <line>
      <![CDATA[[ReportManager] Checking for engine updates... @06-08-2024 22:36:58.0860 PM]]>
    </line>
    <line>
      <![CDATA[[ReportManager] Initializing Summary Reporting Environment... @06-08-2024 22:36:58.0867 PM]]>
    </line>
    <line>
      <![CDATA[[ReportManager] Initializing Allure Reporting Environment... @06-08-2024 22:36:58.0870 PM]]>
    </line>
    <line>
      <![CDATA[
[0;7m------------------------------------------------------------------------------------------------------------------------------------------------
                                             Starting execution of suite setup configuration method                                             
                                          'com.shaft.listeners.internal.ConfigurationHelper.suiteSetup'                                          
------------------------------------------------------------------------------------------------------------------------------------------------
[0m]]>
    </line>
    <line>
      <![CDATA[[ReportManager] Initializing Important Links... @06-08-2024 22:36:59.0246 PM]]>
    </line>
    <line>
      <![CDATA[[ReportManager] Initializing Properties... @06-08-2024 22:36:59.0266 PM]]>
    </line>
    <line>
      <![CDATA[
[0;7m------------------------------------------------------------------------------------------------------------------------------------------------
                                        Starting Execution: '1 out of 1' test cases in the current suite                                        
                              Test Method: 'com.ReqRes.API.Automation.E04_Put_updateUser.valid_Put_updateUserInfo'                              
------------------------------------------------------------------------------------------------------------------------------------------------
[0m]]>
    </line>
    <line>
      <![CDATA[[ReportManager] Response status code: "200", status line: "HTTP/1.1 200 OK" @06-08-2024 22:37:01.0472 PM]]>
    </line>
    <line>
      <![CDATA[[ReportManager] Actual response status code "200" matches the expected one "200". @06-08-2024 22:37:01.0476 PM]]>
    </line>
    <line>
      <![CDATA[[ReportManager] Handle response; PUT | Target Status Code: 200 | Response Time: 685ms. @06-08-2024 22:37:02.0162 PM]]>
    </line>
    <line>
      <![CDATA[[ReportManager] Assert that the API response Time is less than or equal to "2000". @06-08-2024 22:37:02.0179 PM]]>
    </line>
    <line>
      <![CDATA[[ReportManager] Get response time; 685. @06-08-2024 22:37:02.0188 PM]]>
    </line>
    <line>
      <![CDATA[[ReportManager] Expected "2000", and actual "685" @06-08-2024 22:37:02.0189 PM]]>
    </line>
    <line>
      <![CDATA[[ReportManager] Expected "2000", and actual "685" @06-08-2024 22:37:02.0191 PM]]>
    </line>
    <line>
      <![CDATA[[ReportManager] Assert that the API response Body contains "createdAt". @06-08-2024 22:37:02.0196 PM]]>
    </line>
    <line>
      <![CDATA[[ReportManager] Expected "createdAt", and actual "{"phoneNumber":"01033333333","last_name":"Kim","first_name":"Kim","email":"test12@gmail.com","updatedAt":"2024-08-06T19:37:02.338Z"}" @06-08-2024 22:37:02.0198 PM]]>
    </line>
    <line>
      <![CDATA[[ReportManager] Expected "createdAt", and actual "{"phoneNumber":"01033333333","last_name":"Kim","first_name":"Kim","email":"test12@gmail.com","updatedAt":"2024-08-06T19:37:02.338Z"}" @06-08-2024 22:37:02.0205 PM]]>
    </line>
    <line>
      <![CDATA[[ReportManager] The user is updated successfully @06-08-2024 22:37:02.0207 PM]]>
    </line>
    <line>
      <![CDATA[[ReportManager] Assert that the API response extracted value from the JSON path "email" is equal to "test12@gmail.com". @06-08-2024 22:37:02.0209 PM]]>
    </line>
    <line>
      <![CDATA[[ReportManager] Get response jsonvalue; email. @06-08-2024 22:37:02.0268 PM]]>
    </line>
    <line>
      <![CDATA[[ReportManager] Expected "test12@gmail.com", and actual "test12@gmail.com" @06-08-2024 22:37:02.0269 PM]]>
    </line>
    <line>
      <![CDATA[[ReportManager] Expected "test12@gmail.com", and actual "test12@gmail.com" @06-08-2024 22:37:02.0279 PM]]>
    </line>
    <line>
      <![CDATA[[ReportManager] Check that user profile info has been updated Successfully @06-08-2024 22:37:02.0280 PM]]>
    </line>
    <line>
      <![CDATA[[ReportManager] Assert that the API response extracted value from the JSON path "phoneNumber" is equal to "01033333333". @06-08-2024 22:37:02.0282 PM]]>
    </line>
    <line>
      <![CDATA[[ReportManager] Get response jsonvalue; phoneNumber. @06-08-2024 22:37:02.0284 PM]]>
    </line>
    <line>
      <![CDATA[[ReportManager] Expected "01033333333", and actual "01033333333" @06-08-2024 22:37:02.0285 PM]]>
    </line>
    <line>
      <![CDATA[[ReportManager] Expected "01033333333", and actual "01033333333" @06-08-2024 22:37:02.0285 PM]]>
    </line>
    <line>
      <![CDATA[[ReportManager] Assert that the API response extracted value from the JSON path "first_name" is equal to "01033333333". @06-08-2024 22:37:02.0287 PM]]>
    </line>
    <line>
      <![CDATA[[ReportManager] Get response jsonvalue; first_name. @06-08-2024 22:37:02.0290 PM]]>
    </line>
    <line>
      <![CDATA[[ReportManager] Expected "01033333333", and actual "Kim" @06-08-2024 22:37:02.0291 PM]]>
    </line>
    <line>
      <![CDATA[[ReportManager] Expected "01033333333", and actual "Kim" @06-08-2024 22:37:02.0291 PM]]>
    </line>
    <line>
      <![CDATA[[ReportManager] Assert that the API response extracted value from the JSON path "last_name" is equal to "01033333333". @06-08-2024 22:37:02.0293 PM]]>
    </line>
    <line>
      <![CDATA[[ReportManager] Get response jsonvalue; last_name. @06-08-2024 22:37:02.0296 PM]]>
    </line>
    <line>
      <![CDATA[[ReportManager] Expected "01033333333", and actual "Kim" @06-08-2024 22:37:02.0298 PM]]>
    </line>
    <line>
      <![CDATA[[ReportManager] Expected "01033333333", and actual "Kim" @06-08-2024 22:37:02.0298 PM]]>
    </line>
    <line>
      <![CDATA[[ReportManager] Successfully created attachment 'SHAFT Engine Logs - Current Method log: valid_Put_updateUserInfo' @06-08-2024 22:37:02.0306 PM]]>
    </line>
    <line>
      <![CDATA[
[0;7m------------------------------------------------------------------------------------------------------------------------------------------------
                   Finished Execution of Test Method: 'com.ReqRes.API.Automation.E04_Put_updateUser.valid_Put_updateUserInfo'                   
                                                              Test Status: 'Passed'                                                              
------------------------------------------------------------------------------------------------------------------------------------------------
[0m]]>
    </line>
    <line>
      <![CDATA[
[0;7m------------------------------------------------------------------------------------------------------------------------------------------------
                                           Starting execution of engine tear down configuration method                                           
                                        'com.shaft.listeners.internal.ConfigurationHelper.engineTearDown'                                        
------------------------------------------------------------------------------------------------------------------------------------------------
[0m]]>
    </line>
    <line>
      <![CDATA[[ReportManager] Successfully created attachment 'SHAFT Engine Logs - Execution log' @06-08-2024 22:37:02.0421 PM]]>
    </line>
    <line>
      <![CDATA[[ReportManager] Successfully created attachment 'SHAFT Engine Logs - Execution log: 20240806-223702' @06-08-2024 22:37:02.0424 PM]]>
    </line>
    <line>
      <![CDATA[[ReportManager] Successfully created attachment 'HTML - Checkpoints Report' @06-08-2024 22:37:02.0428 PM]]>
    </line>
  </reporter-output>
  <suite started-at="2024-08-06T22:36:59 EEST" name="Default Suite" finished-at="2024-08-06T22:37:02 EEST" duration-ms="3266">
    <groups>
    </groups>
    <test started-at="2024-08-06T22:36:59 EEST" name="Extend_API_Automation" finished-at="2024-08-06T22:37:02 EEST" duration-ms="3266">
      <class name="com.shaft.listeners.internal.ConfigurationHelper">
        <test-method is-config="true" signature="suiteSetup(org.testng.ITestContext)[pri:0, instance:com.shaft.listeners.internal.ConfigurationHelper@3aefae67]" started-at="2024-08-06T22:36:59 EEST" name="suiteSetup" description="Engine Setup" finished-at="2024-08-06T22:36:59 EEST" duration-ms="109" status="PASS">
          <params>
            <param index="0">
              <value>
                <![CDATA[org.testng.TestRunner@2478b629]]>
              </value>
            </param>
          </params>
          <reporter-output>
            <line>
              <![CDATA[[ReportManager] Initializing Important Links... @06-08-2024 22:36:59.0246 PM]]>
            </line>
            <line>
              <![CDATA[[ReportManager] Initializing Properties... @06-08-2024 22:36:59.0266 PM]]>
            </line>
          </reporter-output>
        </test-method> <!-- suiteSetup -->
        <test-method is-config="true" signature="engineTearDown()[pri:0, instance:com.shaft.listeners.internal.ConfigurationHelper@3aefae67]" started-at="2024-08-06T22:37:02 EEST" name="engineTearDown" description="Engine Tear down" finished-at="2024-08-06T22:37:02 EEST" duration-ms="9" status="PASS">
          <reporter-output>
            <line>
              <![CDATA[[ReportManager] Successfully created attachment 'SHAFT Engine Logs - Execution log' @06-08-2024 22:37:02.0421 PM]]>
            </line>
            <line>
              <![CDATA[[ReportManager] Successfully created attachment 'SHAFT Engine Logs - Execution log: 20240806-223702' @06-08-2024 22:37:02.0424 PM]]>
            </line>
            <line>
              <![CDATA[[ReportManager] Successfully created attachment 'HTML - Checkpoints Report' @06-08-2024 22:37:02.0428 PM]]>
            </line>
          </reporter-output>
        </test-method> <!-- engineTearDown -->
      </class> <!-- com.shaft.listeners.internal.ConfigurationHelper -->
      <class name="com.ReqRes.API.Automation.E04_Put_updateUser">
        <test-method signature="valid_Put_updateUserInfo()[pri:0, instance:com.ReqRes.API.Automation.E04_Put_updateUser@3e6f3bae]" started-at="2024-08-06T22:36:59 EEST" name="valid_Put_updateUserInfo" finished-at="2024-08-06T22:37:02 EEST" duration-ms="2912" status="PASS">
          <reporter-output>
            <line>
              <![CDATA[
[0;7m------------------------------------------------------------------------------------------------------------------------------------------------
                                        Starting Execution: '1 out of 1' test cases in the current suite                                        
                              Test Method: 'com.ReqRes.API.Automation.E04_Put_updateUser.valid_Put_updateUserInfo'                              
------------------------------------------------------------------------------------------------------------------------------------------------
[0m]]>
            </line>
            <line>
              <![CDATA[[ReportManager] Response status code: "200", status line: "HTTP/1.1 200 OK" @06-08-2024 22:37:01.0472 PM]]>
            </line>
            <line>
              <![CDATA[[ReportManager] Actual response status code "200" matches the expected one "200". @06-08-2024 22:37:01.0476 PM]]>
            </line>
            <line>
              <![CDATA[[ReportManager] Handle response; PUT | Target Status Code: 200 | Response Time: 685ms. @06-08-2024 22:37:02.0162 PM]]>
            </line>
            <line>
              <![CDATA[[ReportManager] Assert that the API response Time is less than or equal to "2000". @06-08-2024 22:37:02.0179 PM]]>
            </line>
            <line>
              <![CDATA[[ReportManager] Get response time; 685. @06-08-2024 22:37:02.0188 PM]]>
            </line>
            <line>
              <![CDATA[[ReportManager] Expected "2000", and actual "685" @06-08-2024 22:37:02.0189 PM]]>
            </line>
            <line>
              <![CDATA[[ReportManager] Expected "2000", and actual "685" @06-08-2024 22:37:02.0191 PM]]>
            </line>
            <line>
              <![CDATA[[ReportManager] Assert that the API response Body contains "createdAt". @06-08-2024 22:37:02.0196 PM]]>
            </line>
            <line>
              <![CDATA[[ReportManager] Expected "createdAt", and actual "{"phoneNumber":"01033333333","last_name":"Kim","first_name":"Kim","email":"test12@gmail.com","updatedAt":"2024-08-06T19:37:02.338Z"}" @06-08-2024 22:37:02.0198 PM]]>
            </line>
            <line>
              <![CDATA[[ReportManager] Expected "createdAt", and actual "{"phoneNumber":"01033333333","last_name":"Kim","first_name":"Kim","email":"test12@gmail.com","updatedAt":"2024-08-06T19:37:02.338Z"}" @06-08-2024 22:37:02.0205 PM]]>
            </line>
            <line>
              <![CDATA[[ReportManager] The user is updated successfully @06-08-2024 22:37:02.0207 PM]]>
            </line>
            <line>
              <![CDATA[[ReportManager] Assert that the API response extracted value from the JSON path "email" is equal to "test12@gmail.com". @06-08-2024 22:37:02.0209 PM]]>
            </line>
            <line>
              <![CDATA[[ReportManager] Get response jsonvalue; email. @06-08-2024 22:37:02.0268 PM]]>
            </line>
            <line>
              <![CDATA[[ReportManager] Expected "test12@gmail.com", and actual "test12@gmail.com" @06-08-2024 22:37:02.0269 PM]]>
            </line>
            <line>
              <![CDATA[[ReportManager] Expected "test12@gmail.com", and actual "test12@gmail.com" @06-08-2024 22:37:02.0279 PM]]>
            </line>
            <line>
              <![CDATA[[ReportManager] Check that user profile info has been updated Successfully @06-08-2024 22:37:02.0280 PM]]>
            </line>
            <line>
              <![CDATA[[ReportManager] Assert that the API response extracted value from the JSON path "phoneNumber" is equal to "01033333333". @06-08-2024 22:37:02.0282 PM]]>
            </line>
            <line>
              <![CDATA[[ReportManager] Get response jsonvalue; phoneNumber. @06-08-2024 22:37:02.0284 PM]]>
            </line>
            <line>
              <![CDATA[[ReportManager] Expected "01033333333", and actual "01033333333" @06-08-2024 22:37:02.0285 PM]]>
            </line>
            <line>
              <![CDATA[[ReportManager] Expected "01033333333", and actual "01033333333" @06-08-2024 22:37:02.0285 PM]]>
            </line>
            <line>
              <![CDATA[[ReportManager] Assert that the API response extracted value from the JSON path "first_name" is equal to "01033333333". @06-08-2024 22:37:02.0287 PM]]>
            </line>
            <line>
              <![CDATA[[ReportManager] Get response jsonvalue; first_name. @06-08-2024 22:37:02.0290 PM]]>
            </line>
            <line>
              <![CDATA[[ReportManager] Expected "01033333333", and actual "Kim" @06-08-2024 22:37:02.0291 PM]]>
            </line>
            <line>
              <![CDATA[[ReportManager] Expected "01033333333", and actual "Kim" @06-08-2024 22:37:02.0291 PM]]>
            </line>
            <line>
              <![CDATA[[ReportManager] Assert that the API response extracted value from the JSON path "last_name" is equal to "01033333333". @06-08-2024 22:37:02.0293 PM]]>
            </line>
            <line>
              <![CDATA[[ReportManager] Get response jsonvalue; last_name. @06-08-2024 22:37:02.0296 PM]]>
            </line>
            <line>
              <![CDATA[[ReportManager] Expected "01033333333", and actual "Kim" @06-08-2024 22:37:02.0298 PM]]>
            </line>
            <line>
              <![CDATA[[ReportManager] Expected "01033333333", and actual "Kim" @06-08-2024 22:37:02.0298 PM]]>
            </line>
            <line>
              <![CDATA[[ReportManager] Successfully created attachment 'SHAFT Engine Logs - Current Method log: valid_Put_updateUserInfo' @06-08-2024 22:37:02.0306 PM]]>
            </line>
            <line>
              <![CDATA[
[0;7m------------------------------------------------------------------------------------------------------------------------------------------------
                   Finished Execution of Test Method: 'com.ReqRes.API.Automation.E04_Put_updateUser.valid_Put_updateUserInfo'                   
                                                              Test Status: 'Passed'                                                              
------------------------------------------------------------------------------------------------------------------------------------------------
[0m]]>
            </line>
          </reporter-output>
        </test-method> <!-- valid_Put_updateUserInfo -->
      </class> <!-- com.ReqRes.API.Automation.E04_Put_updateUser -->
    </test> <!-- Extend_API_Automation -->
  </suite> <!-- Default Suite -->
</testng-results>
